<?xml version="1.0" encoding="UTF-8"?>
<coverage generated="1677041100369" clover="3.2.0">
  <project timestamp="1677041100369" name="All files">
    <metrics statements="93" coveredstatements="83" conditionals="17" coveredconditionals="11" methods="42" coveredmethods="35" elements="152" coveredelements="129" complexity="0" loc="93" ncloc="93" packages="2" files="8" classes="8"/>
    <package name="src">
      <metrics statements="92" coveredstatements="82" conditionals="17" coveredconditionals="11" methods="42" coveredmethods="35"/>
      <file name="app.jsx" path="C:\Users\HP\Desktop\React\react-mod\src\app.jsx">
        <metrics statements="68" coveredstatements="59" conditionals="17" coveredconditionals="11" methods="30" coveredmethods="24"/>
        <line num="12" count="1" type="stmt"/>
        <line num="16" count="17" type="stmt"/>
        <line num="18" count="17" type="cond" truecount="1" falsecount="0"/>
        <line num="19" count="17" type="cond" truecount="2" falsecount="0"/>
        <line num="22" count="1" type="stmt"/>
        <line num="27" count="0" type="stmt"/>
        <line num="28" count="0" type="cond" truecount="0" falsecount="4"/>
        <line num="29" count="0" type="stmt"/>
        <line num="35" count="0" type="stmt"/>
        <line num="39" count="10" type="stmt"/>
        <line num="45" count="10" type="stmt"/>
        <line num="48" count="10" type="stmt"/>
        <line num="51" count="10" type="stmt"/>
        <line num="52" count="13" type="stmt"/>
        <line num="53" count="13" type="stmt"/>
        <line num="54" count="13" type="stmt"/>
        <line num="63" count="13" type="stmt"/>
        <line num="64" count="13" type="cond" truecount="2" falsecount="0"/>
        <line num="65" count="2" type="stmt"/>
        <line num="69" count="13" type="stmt"/>
        <line num="75" count="13" type="stmt"/>
        <line num="81" count="0" type="stmt"/>
        <line num="87" count="10" type="stmt"/>
        <line num="88" count="1" type="stmt"/>
        <line num="89" count="1" type="stmt"/>
        <line num="90" count="1" type="stmt"/>
        <line num="91" count="1" type="stmt"/>
        <line num="94" count="1" type="stmt"/>
        <line num="99" count="1" type="stmt"/>
        <line num="100" count="1" type="stmt"/>
        <line num="105" count="1" type="stmt"/>
        <line num="109" count="0" type="stmt"/>
        <line num="115" count="10" type="stmt"/>
        <line num="116" count="2" type="stmt"/>
        <line num="117" count="2" type="stmt"/>
        <line num="118" count="2" type="stmt"/>
        <line num="119" count="2" type="stmt"/>
        <line num="126" count="2" type="stmt"/>
        <line num="147" count="2" type="stmt"/>
        <line num="148" count="2" type="stmt"/>
        <line num="149" count="2" type="stmt"/>
        <line num="151" count="2" type="stmt"/>
        <line num="165" count="0" type="stmt"/>
        <line num="176" count="10" type="stmt"/>
        <line num="177" count="1" type="stmt"/>
        <line num="178" count="1" type="stmt"/>
        <line num="179" count="1" type="stmt"/>
        <line num="180" count="1" type="stmt"/>
        <line num="187" count="1" type="stmt"/>
        <line num="194" count="1" type="stmt"/>
        <line num="195" count="1" type="stmt"/>
        <line num="196" count="1" type="stmt"/>
        <line num="198" count="1" type="stmt"/>
        <line num="211" count="0" type="stmt"/>
        <line num="223" count="44" type="stmt"/>
        <line num="225" count="44" type="stmt"/>
        <line num="226" count="17" type="stmt"/>
        <line num="229" count="44" type="stmt"/>
        <line num="230" count="17" type="stmt"/>
        <line num="233" count="44" type="stmt"/>
        <line num="234" count="17" type="stmt"/>
        <line num="237" count="44" type="stmt"/>
        <line num="238" count="17" type="stmt"/>
        <line num="241" count="44" type="cond" truecount="2" falsecount="0"/>
        <line num="242" count="13" type="stmt"/>
        <line num="245" count="31" type="cond" truecount="1" falsecount="1"/>
        <line num="246" count="0" type="stmt"/>
        <line num="249" count="31" type="stmt"/>
      </file>
      <file name="style.scss" path="C:\Users\HP\Desktop\React\react-mod\src\style.scss">
        <metrics statements="1" coveredstatements="1" conditionals="0" coveredconditionals="0" methods="0" coveredmethods="0"/>
        <line num="1" count="1" type="stmt"/>
      </file>
      <file name="todo.scss" path="C:\Users\HP\Desktop\React\react-mod\src\todo.scss">
        <metrics statements="1" coveredstatements="1" conditionals="0" coveredconditionals="0" methods="0" coveredmethods="0"/>
        <line num="1" count="1" type="stmt"/>
      </file>
      <file name="todoFilter.jsx" path="C:\Users\HP\Desktop\React\react-mod\src\todoFilter.jsx">
        <metrics statements="6" coveredstatements="5" conditionals="0" coveredconditionals="0" methods="4" coveredmethods="3"/>
        <line num="6" count="23" type="stmt"/>
        <line num="7" count="23" type="stmt"/>
        <line num="14" count="1" type="stmt"/>
        <line num="23" count="2" type="stmt"/>
        <line num="32" count="0" type="stmt"/>
        <line num="40" count="1" type="stmt"/>
      </file>
      <file name="todoForm.jsx" path="C:\Users\HP\Desktop\React\react-mod\src\todoForm.jsx">
        <metrics statements="5" coveredstatements="5" conditionals="0" coveredconditionals="0" methods="1" coveredmethods="1"/>
        <line num="4" count="1" type="stmt"/>
        <line num="6" count="25" type="stmt"/>
        <line num="7" count="25" type="stmt"/>
        <line num="32" count="1" type="stmt"/>
        <line num="41" count="1" type="stmt"/>
      </file>
      <file name="todoList.jsx" path="C:\Users\HP\Desktop\React\react-mod\src\todoList.jsx">
        <metrics statements="6" coveredstatements="6" conditionals="0" coveredconditionals="0" methods="4" coveredmethods="4"/>
        <line num="12" count="20" type="stmt"/>
        <line num="13" count="20" type="stmt"/>
        <line num="16" count="26" type="stmt"/>
        <line num="22" count="2" type="stmt"/>
        <line num="25" count="1" type="stmt"/>
        <line num="33" count="1" type="stmt"/>
      </file>
      <file name="todoListitem.jsx" path="C:\Users\HP\Desktop\React\react-mod\src\todoListitem.jsx">
        <metrics statements="5" coveredstatements="5" conditionals="0" coveredconditionals="0" methods="3" coveredmethods="3"/>
        <line num="13" count="29" type="stmt"/>
        <line num="23" count="3" type="stmt"/>
        <line num="38" count="2" type="stmt"/>
        <line num="46" count="2" type="stmt"/>
        <line num="66" count="2" type="stmt"/>
      </file>
    </package>
    <package name="src.utils">
      <metrics statements="1" coveredstatements="1" conditionals="0" coveredconditionals="0" methods="0" coveredmethods="0"/>
      <file name="axiosInstance.js" path="C:\Users\HP\Desktop\React\react-mod\src\utils\axiosInstance.js">
        <metrics statements="1" coveredstatements="1" conditionals="0" coveredconditionals="0" methods="0" coveredmethods="0"/>
        <line num="3" count="1" type="stmt"/>
      </file>
    </package>
  </project>
</coverage>
