{"C:\\Users\\HP\\Desktop\\React\\react-mod\\src\\app.jsx": {"path":"C:\\Users\\HP\\Desktop\\React\\react-mod\\src\\app.jsx","statementMap":{"0":{"start":{"line":12,"column":21},"end":{"line":16,"column":59}},"1":{"start":{"line":16,"column":6},"end":{"line":16,"column":59}},"2":{"start":{"line":18,"column":21},"end":{"line":20,"column":1}},"3":{"start":{"line":18,"column":61},"end":{"line":20,"column":1}},"4":{"start":{"line":19,"column":9},"end":{"line":19,"column":56}},"5":{"start":{"line":22,"column":19},"end":{"line":36,"column":2}},"6":{"start":{"line":27,"column":6},"end":{"line":36,"column":2}},"7":{"start":{"line":28,"column":2},"end":{"line":34,"column":3}},"8":{"start":{"line":29,"column":4},"end":{"line":33,"column":6}},"9":{"start":{"line":35,"column":2},"end":{"line":35,"column":11}},"10":{"start":{"line":39,"column":10},"end":{"line":43,"column":3}},"11":{"start":{"line":45,"column":16},"end":{"line":45,"column":27}},"12":{"start":{"line":48,"column":4},"end":{"line":48,"column":25}},"13":{"start":{"line":51,"column":13},"end":{"line":85,"column":3}},"14":{"start":{"line":52,"column":17},"end":{"line":52,"column":28}},"15":{"start":{"line":53,"column":4},"end":{"line":84,"column":5}},"16":{"start":{"line":54,"column":6},"end":{"line":56,"column":10}},"17":{"start":{"line":54,"column":39},"end":{"line":56,"column":7}},"18":{"start":{"line":63,"column":19},"end":{"line":63,"column":21}},"19":{"start":{"line":64,"column":6},"end":{"line":68,"column":7}},"20":{"start":{"line":65,"column":8},"end":{"line":67,"column":10}},"21":{"start":{"line":69,"column":18},"end":{"line":71,"column":8}},"22":{"start":{"line":75,"column":6},"end":{"line":79,"column":10}},"23":{"start":{"line":75,"column":39},"end":{"line":79,"column":7}},"24":{"start":{"line":81,"column":6},"end":{"line":83,"column":10}},"25":{"start":{"line":81,"column":39},"end":{"line":83,"column":7}},"26":{"start":{"line":87,"column":12},"end":{"line":113,"column":3}},"27":{"start":{"line":88,"column":4},"end":{"line":88,"column":27}},"28":{"start":{"line":89,"column":17},"end":{"line":89,"column":27}},"29":{"start":{"line":90,"column":4},"end":{"line":112,"column":5}},"30":{"start":{"line":91,"column":6},"end":{"line":93,"column":10}},"31":{"start":{"line":91,"column":39},"end":{"line":93,"column":7}},"32":{"start":{"line":94,"column":18},"end":{"line":97,"column":8}},"33":{"start":{"line":99,"column":6},"end":{"line":107,"column":8}},"34":{"start":{"line":100,"column":37},"end":{"line":103,"column":9}},"35":{"start":{"line":105,"column":10},"end":{"line":105,"column":46}},"36":{"start":{"line":109,"column":6},"end":{"line":111,"column":10}},"37":{"start":{"line":109,"column":39},"end":{"line":111,"column":7}},"38":{"start":{"line":115,"column":15},"end":{"line":174,"column":3}},"39":{"start":{"line":116,"column":17},"end":{"line":116,"column":30}},"40":{"start":{"line":117,"column":22},"end":{"line":117,"column":29}},"41":{"start":{"line":118,"column":4},"end":{"line":173,"column":5}},"42":{"start":{"line":119,"column":6},"end":{"line":125,"column":10}},"43":{"start":{"line":119,"column":39},"end":{"line":125,"column":7}},"44":{"start":{"line":126,"column":18},"end":{"line":129,"column":8}},"45":{"start":{"line":147,"column":6},"end":{"line":163,"column":9}},"46":{"start":{"line":148,"column":22},"end":{"line":150,"column":9}},"47":{"start":{"line":149,"column":17},"end":{"line":149,"column":33}},"48":{"start":{"line":151,"column":8},"end":{"line":162,"column":10}},"49":{"start":{"line":165,"column":6},"end":{"line":172,"column":10}},"50":{"start":{"line":165,"column":39},"end":{"line":172,"column":7}},"51":{"start":{"line":176,"column":15},"end":{"line":220,"column":3}},"52":{"start":{"line":177,"column":17},"end":{"line":177,"column":30}},"53":{"start":{"line":178,"column":22},"end":{"line":178,"column":29}},"54":{"start":{"line":179,"column":4},"end":{"line":219,"column":5}},"55":{"start":{"line":180,"column":6},"end":{"line":186,"column":10}},"56":{"start":{"line":180,"column":39},"end":{"line":186,"column":7}},"57":{"start":{"line":187,"column":6},"end":{"line":187,"column":56}},"58":{"start":{"line":194,"column":6},"end":{"line":209,"column":9}},"59":{"start":{"line":195,"column":22},"end":{"line":197,"column":9}},"60":{"start":{"line":196,"column":17},"end":{"line":196,"column":33}},"61":{"start":{"line":198,"column":8},"end":{"line":208,"column":10}},"62":{"start":{"line":211,"column":6},"end":{"line":218,"column":10}},"63":{"start":{"line":211,"column":39},"end":{"line":218,"column":7}},"64":{"start":{"line":223,"column":49},"end":{"line":223,"column":59}},"65":{"start":{"line":225,"column":26},"end":{"line":227,"column":5}},"66":{"start":{"line":226,"column":13},"end":{"line":226,"column":35}},"67":{"start":{"line":229,"column":25},"end":{"line":231,"column":5}},"68":{"start":{"line":230,"column":13},"end":{"line":230,"column":34}},"69":{"start":{"line":233,"column":28},"end":{"line":235,"column":5}},"70":{"start":{"line":234,"column":13},"end":{"line":234,"column":37}},"71":{"start":{"line":237,"column":28},"end":{"line":239,"column":5}},"72":{"start":{"line":238,"column":13},"end":{"line":238,"column":37}},"73":{"start":{"line":241,"column":4},"end":{"line":243,"column":5}},"74":{"start":{"line":242,"column":6},"end":{"line":242,"column":33}},"75":{"start":{"line":245,"column":4},"end":{"line":247,"column":5}},"76":{"start":{"line":246,"column":6},"end":{"line":246,"column":46}},"77":{"start":{"line":249,"column":4},"end":{"line":273,"column":6}}},"fnMap":{"0":{"name":"(anonymous_0)","decl":{"start":{"line":12,"column":21},"end":{"line":12,"column":22}},"loc":{"start":{"line":16,"column":6},"end":{"line":16,"column":59}},"line":16},"1":{"name":"(anonymous_1)","decl":{"start":{"line":18,"column":21},"end":{"line":18,"column":22}},"loc":{"start":{"line":18,"column":61},"end":{"line":20,"column":1}},"line":18},"2":{"name":"(anonymous_2)","decl":{"start":{"line":19,"column":2},"end":{"line":19,"column":3}},"loc":{"start":{"line":19,"column":9},"end":{"line":19,"column":56}},"line":19},"3":{"name":"(anonymous_3)","decl":{"start":{"line":22,"column":19},"end":{"line":22,"column":20}},"loc":{"start":{"line":27,"column":6},"end":{"line":36,"column":2}},"line":27},"4":{"name":"(anonymous_4)","decl":{"start":{"line":27,"column":19},"end":{"line":27,"column":20}},"loc":{"start":{"line":27,"column":26},"end":{"line":36,"column":1}},"line":27},"5":{"name":"(anonymous_5)","decl":{"start":{"line":47,"column":2},"end":{"line":47,"column":3}},"loc":{"start":{"line":47,"column":22},"end":{"line":49,"column":3}},"line":47},"6":{"name":"(anonymous_6)","decl":{"start":{"line":51,"column":13},"end":{"line":51,"column":14}},"loc":{"start":{"line":51,"column":37},"end":{"line":85,"column":3}},"line":51},"7":{"name":"(anonymous_7)","decl":{"start":{"line":54,"column":20},"end":{"line":54,"column":21}},"loc":{"start":{"line":54,"column":39},"end":{"line":56,"column":7}},"line":54},"8":{"name":"(anonymous_8)","decl":{"start":{"line":75,"column":20},"end":{"line":75,"column":21}},"loc":{"start":{"line":75,"column":39},"end":{"line":79,"column":7}},"line":75},"9":{"name":"(anonymous_9)","decl":{"start":{"line":81,"column":20},"end":{"line":81,"column":21}},"loc":{"start":{"line":81,"column":39},"end":{"line":83,"column":7}},"line":81},"10":{"name":"(anonymous_10)","decl":{"start":{"line":87,"column":12},"end":{"line":87,"column":13}},"loc":{"start":{"line":87,"column":29},"end":{"line":113,"column":3}},"line":87},"11":{"name":"(anonymous_11)","decl":{"start":{"line":91,"column":20},"end":{"line":91,"column":21}},"loc":{"start":{"line":91,"column":39},"end":{"line":93,"column":7}},"line":91},"12":{"name":"(anonymous_12)","decl":{"start":{"line":100,"column":8},"end":{"line":100,"column":9}},"loc":{"start":{"line":100,"column":37},"end":{"line":103,"column":9}},"line":100},"13":{"name":"(anonymous_13)","decl":{"start":{"line":104,"column":8},"end":{"line":104,"column":9}},"loc":{"start":{"line":104,"column":14},"end":{"line":106,"column":9}},"line":104},"14":{"name":"(anonymous_14)","decl":{"start":{"line":109,"column":20},"end":{"line":109,"column":21}},"loc":{"start":{"line":109,"column":39},"end":{"line":111,"column":7}},"line":109},"15":{"name":"(anonymous_15)","decl":{"start":{"line":115,"column":15},"end":{"line":115,"column":16}},"loc":{"start":{"line":115,"column":31},"end":{"line":174,"column":3}},"line":115},"16":{"name":"(anonymous_16)","decl":{"start":{"line":119,"column":20},"end":{"line":119,"column":21}},"loc":{"start":{"line":119,"column":39},"end":{"line":125,"column":7}},"line":119},"17":{"name":"(anonymous_17)","decl":{"start":{"line":147,"column":20},"end":{"line":147,"column":21}},"loc":{"start":{"line":147,"column":48},"end":{"line":163,"column":7}},"line":147},"18":{"name":"(anonymous_18)","decl":{"start":{"line":149,"column":10},"end":{"line":149,"column":11}},"loc":{"start":{"line":149,"column":17},"end":{"line":149,"column":33}},"line":149},"19":{"name":"(anonymous_19)","decl":{"start":{"line":165,"column":20},"end":{"line":165,"column":21}},"loc":{"start":{"line":165,"column":39},"end":{"line":172,"column":7}},"line":165},"20":{"name":"(anonymous_20)","decl":{"start":{"line":176,"column":15},"end":{"line":176,"column":16}},"loc":{"start":{"line":176,"column":31},"end":{"line":220,"column":3}},"line":176},"21":{"name":"(anonymous_21)","decl":{"start":{"line":180,"column":20},"end":{"line":180,"column":21}},"loc":{"start":{"line":180,"column":39},"end":{"line":186,"column":7}},"line":180},"22":{"name":"(anonymous_22)","decl":{"start":{"line":194,"column":20},"end":{"line":194,"column":21}},"loc":{"start":{"line":194,"column":48},"end":{"line":209,"column":7}},"line":194},"23":{"name":"(anonymous_23)","decl":{"start":{"line":196,"column":10},"end":{"line":196,"column":11}},"loc":{"start":{"line":196,"column":17},"end":{"line":196,"column":33}},"line":196},"24":{"name":"(anonymous_24)","decl":{"start":{"line":211,"column":20},"end":{"line":211,"column":21}},"loc":{"start":{"line":211,"column":39},"end":{"line":218,"column":7}},"line":211},"25":{"name":"(anonymous_25)","decl":{"start":{"line":222,"column":2},"end":{"line":222,"column":3}},"loc":{"start":{"line":222,"column":11},"end":{"line":274,"column":3}},"line":222},"26":{"name":"(anonymous_26)","decl":{"start":{"line":226,"column":6},"end":{"line":226,"column":7}},"loc":{"start":{"line":226,"column":13},"end":{"line":226,"column":35}},"line":226},"27":{"name":"(anonymous_27)","decl":{"start":{"line":230,"column":6},"end":{"line":230,"column":7}},"loc":{"start":{"line":230,"column":13},"end":{"line":230,"column":34}},"line":230},"28":{"name":"(anonymous_28)","decl":{"start":{"line":234,"column":6},"end":{"line":234,"column":7}},"loc":{"start":{"line":234,"column":13},"end":{"line":234,"column":37}},"line":234},"29":{"name":"(anonymous_29)","decl":{"start":{"line":238,"column":6},"end":{"line":238,"column":7}},"loc":{"start":{"line":238,"column":13},"end":{"line":238,"column":37}},"line":238}},"branchMap":{"0":{"loc":{"start":{"line":15,"column":2},"end":{"line":15,"column":16}},"type":"default-arg","locations":[{"start":{"line":15,"column":14},"end":{"line":15,"column":16}}],"line":15},"1":{"loc":{"start":{"line":18,"column":40},"end":{"line":18,"column":54}},"type":"default-arg","locations":[{"start":{"line":18,"column":52},"end":{"line":18,"column":54}}],"line":18},"2":{"loc":{"start":{"line":19,"column":11},"end":{"line":19,"column":55}},"type":"binary-expr","locations":[{"start":{"line":19,"column":11},"end":{"line":19,"column":26}},{"start":{"line":19,"column":30},"end":{"line":19,"column":55}}],"line":19},"3":{"loc":{"start":{"line":26,"column":2},"end":{"line":26,"column":16}},"type":"default-arg","locations":[{"start":{"line":26,"column":14},"end":{"line":26,"column":16}}],"line":26},"4":{"loc":{"start":{"line":28,"column":2},"end":{"line":34,"column":3}},"type":"if","locations":[{"start":{"line":28,"column":2},"end":{"line":34,"column":3}},{"start":{},"end":{}}],"line":28},"5":{"loc":{"start":{"line":28,"column":6},"end":{"line":28,"column":50}},"type":"binary-expr","locations":[{"start":{"line":28,"column":6},"end":{"line":28,"column":21}},{"start":{"line":28,"column":25},"end":{"line":28,"column":50}}],"line":28},"6":{"loc":{"start":{"line":64,"column":6},"end":{"line":68,"column":7}},"type":"if","locations":[{"start":{"line":64,"column":6},"end":{"line":68,"column":7}},{"start":{},"end":{}}],"line":64},"7":{"loc":{"start":{"line":241,"column":4},"end":{"line":243,"column":5}},"type":"if","locations":[{"start":{"line":241,"column":4},"end":{"line":243,"column":5}},{"start":{},"end":{}}],"line":241},"8":{"loc":{"start":{"line":245,"column":4},"end":{"line":247,"column":5}},"type":"if","locations":[{"start":{"line":245,"column":4},"end":{"line":247,"column":5}},{"start":{},"end":{}}],"line":245},"9":{"loc":{"start":{"line":258,"column":11},"end":{"line":266,"column":11}},"type":"binary-expr","locations":[{"start":{"line":258,"column":11},"end":{"line":258,"column":30}},{"start":{"line":259,"column":12},"end":{"line":265,"column":14}}],"line":258}},"s":{"0":1,"1":17,"2":1,"3":17,"4":17,"5":1,"6":0,"7":0,"8":0,"9":0,"10":10,"11":10,"12":10,"13":10,"14":13,"15":13,"16":13,"17":13,"18":13,"19":13,"20":2,"21":13,"22":13,"23":13,"24":0,"25":0,"26":10,"27":1,"28":1,"29":1,"30":1,"31":1,"32":1,"33":1,"34":1,"35":1,"36":0,"37":0,"38":10,"39":2,"40":2,"41":2,"42":2,"43":2,"44":2,"45":2,"46":2,"47":2,"48":2,"49":0,"50":0,"51":10,"52":1,"53":1,"54":1,"55":1,"56":1,"57":1,"58":1,"59":1,"60":1,"61":1,"62":0,"63":0,"64":44,"65":44,"66":17,"67":44,"68":17,"69":44,"70":17,"71":44,"72":17,"73":44,"74":13,"75":31,"76":0,"77":31},"f":{"0":17,"1":17,"2":17,"3":0,"4":0,"5":10,"6":13,"7":13,"8":13,"9":0,"10":1,"11":1,"12":1,"13":1,"14":0,"15":2,"16":2,"17":2,"18":2,"19":0,"20":1,"21":1,"22":1,"23":1,"24":0,"25":44,"26":17,"27":17,"28":17,"29":17},"b":{"0":[14],"1":[14],"2":[17,17],"3":[0],"4":[0,0],"5":[0,0],"6":[2,11],"7":[13,31],"8":[0,31],"9":[31,20]},"_coverageSchema":"1a1c01bbd47fc00a2c39e90264f33305004495a9","hash":"bf840a21f984f1e904bb5b01db49fca6d6d63185"}
,"C:\\Users\\HP\\Desktop\\React\\react-mod\\src\\style.scss": {"path":"C:\\Users\\HP\\Desktop\\React\\react-mod\\src\\style.scss","statementMap":{"0":{"start":{"line":1,"column":0},"end":{"line":1,"column":19}}},"fnMap":{},"branchMap":{},"s":{"0":1},"f":{},"b":{},"_coverageSchema":"1a1c01bbd47fc00a2c39e90264f33305004495a9","hash":"628e1509daea9384ec422be208d9f9bf5606c00f"}
,"C:\\Users\\HP\\Desktop\\React\\react-mod\\src\\todo.scss": {"path":"C:\\Users\\HP\\Desktop\\React\\react-mod\\src\\todo.scss","statementMap":{"0":{"start":{"line":1,"column":0},"end":{"line":1,"column":19}}},"fnMap":{},"branchMap":{},"s":{"0":1},"f":{},"b":{},"_coverageSchema":"1a1c01bbd47fc00a2c39e90264f33305004495a9","hash":"9482970d09c44be14e792fd426e8e0211be3fd4e"}
,"C:\\Users\\HP\\Desktop\\React\\react-mod\\src\\todoFilter.jsx": {"path":"C:\\Users\\HP\\Desktop\\React\\react-mod\\src\\todoFilter.jsx","statementMap":{"0":{"start":{"line":6,"column":2},"end":{"line":6,"column":36}},"1":{"start":{"line":7,"column":2},"end":{"line":37,"column":4}},"2":{"start":{"line":14,"column":23},"end":{"line":14,"column":40}},"3":{"start":{"line":23,"column":23},"end":{"line":23,"column":44}},"4":{"start":{"line":32,"column":23},"end":{"line":32,"column":46}},"5":{"start":{"line":40,"column":0},"end":{"line":47,"column":2}}},"fnMap":{"0":{"name":"TodoFilter","decl":{"start":{"line":5,"column":9},"end":{"line":5,"column":19}},"loc":{"start":{"line":5,"column":50},"end":{"line":38,"column":1}},"line":5},"1":{"name":"(anonymous_1)","decl":{"start":{"line":14,"column":17},"end":{"line":14,"column":18}},"loc":{"start":{"line":14,"column":23},"end":{"line":14,"column":40}},"line":14},"2":{"name":"(anonymous_2)","decl":{"start":{"line":23,"column":17},"end":{"line":23,"column":18}},"loc":{"start":{"line":23,"column":23},"end":{"line":23,"column":44}},"line":23},"3":{"name":"(anonymous_3)","decl":{"start":{"line":32,"column":17},"end":{"line":32,"column":18}},"loc":{"start":{"line":32,"column":23},"end":{"line":32,"column":46}},"line":32}},"branchMap":{},"s":{"0":23,"1":23,"2":1,"3":2,"4":0,"5":1},"f":{"0":23,"1":1,"2":2,"3":0},"b":{},"_coverageSchema":"1a1c01bbd47fc00a2c39e90264f33305004495a9","hash":"c85d245431582e4293064771d760cfc3b97a4f0f"}
,"C:\\Users\\HP\\Desktop\\React\\react-mod\\src\\todoForm.jsx": {"path":"C:\\Users\\HP\\Desktop\\React\\react-mod\\src\\todoForm.jsx","statementMap":{"0":{"start":{"line":4,"column":17},"end":{"line":30,"column":1}},"1":{"start":{"line":6,"column":4},"end":{"line":6,"column":36}},"2":{"start":{"line":7,"column":4},"end":{"line":28,"column":6}},"3":{"start":{"line":32,"column":0},"end":{"line":39,"column":2}},"4":{"start":{"line":41,"column":0},"end":{"line":43,"column":2}}},"fnMap":{"0":{"name":"(anonymous_0)","decl":{"start":{"line":5,"column":2},"end":{"line":5,"column":3}},"loc":{"start":{"line":5,"column":38},"end":{"line":29,"column":3}},"line":5}},"branchMap":{},"s":{"0":1,"1":25,"2":25,"3":1,"4":1},"f":{"0":25},"b":{},"_coverageSchema":"1a1c01bbd47fc00a2c39e90264f33305004495a9","hash":"19914b69ef62045b407b287b2e677723437890b0"}
,"C:\\Users\\HP\\Desktop\\React\\react-mod\\src\\todoList.jsx": {"path":"C:\\Users\\HP\\Desktop\\React\\react-mod\\src\\todoList.jsx","statementMap":{"0":{"start":{"line":12,"column":2},"end":{"line":12,"column":34}},"1":{"start":{"line":13,"column":2},"end":{"line":30,"column":4}},"2":{"start":{"line":16,"column":8},"end":{"line":27,"column":10}},"3":{"start":{"line":22,"column":19},"end":{"line":22,"column":39}},"4":{"start":{"line":25,"column":19},"end":{"line":25,"column":39}},"5":{"start":{"line":33,"column":0},"end":{"line":57,"column":2}}},"fnMap":{"0":{"name":"TodoList","decl":{"start":{"line":5,"column":9},"end":{"line":5,"column":17}},"loc":{"start":{"line":11,"column":3},"end":{"line":31,"column":1}},"line":11},"1":{"name":"(anonymous_1)","decl":{"start":{"line":15,"column":20},"end":{"line":15,"column":21}},"loc":{"start":{"line":16,"column":8},"end":{"line":27,"column":10}},"line":16},"2":{"name":"(anonymous_2)","decl":{"start":{"line":22,"column":12},"end":{"line":22,"column":13}},"loc":{"start":{"line":22,"column":19},"end":{"line":22,"column":39}},"line":22},"3":{"name":"(anonymous_3)","decl":{"start":{"line":25,"column":12},"end":{"line":25,"column":13}},"loc":{"start":{"line":25,"column":19},"end":{"line":25,"column":39}},"line":25}},"branchMap":{},"s":{"0":20,"1":20,"2":26,"3":2,"4":1,"5":1},"f":{"0":20,"1":26,"2":2,"3":1},"b":{},"_coverageSchema":"1a1c01bbd47fc00a2c39e90264f33305004495a9","hash":"9690fd75acd833c349410b2114416c6ae37c56fd"}
,"C:\\Users\\HP\\Desktop\\React\\react-mod\\src\\todoListitem.jsx": {"path":"C:\\Users\\HP\\Desktop\\React\\react-mod\\src\\todoListitem.jsx","statementMap":{"0":{"start":{"line":13,"column":2},"end":{"line":43,"column":4}},"1":{"start":{"line":23,"column":26},"end":{"line":23,"column":42}},"2":{"start":{"line":38,"column":23},"end":{"line":38,"column":39}},"3":{"start":{"line":46,"column":0},"end":{"line":64,"column":2}},"4":{"start":{"line":66,"column":0},"end":{"line":69,"column":2}}},"fnMap":{"0":{"name":"TodoListItem","decl":{"start":{"line":5,"column":9},"end":{"line":5,"column":21}},"loc":{"start":{"line":11,"column":3},"end":{"line":44,"column":1}},"line":11},"1":{"name":"(anonymous_1)","decl":{"start":{"line":23,"column":20},"end":{"line":23,"column":21}},"loc":{"start":{"line":23,"column":26},"end":{"line":23,"column":42}},"line":23},"2":{"name":"(anonymous_2)","decl":{"start":{"line":38,"column":17},"end":{"line":38,"column":18}},"loc":{"start":{"line":38,"column":23},"end":{"line":38,"column":39}},"line":38}},"branchMap":{},"s":{"0":29,"1":3,"2":2,"3":2,"4":2},"f":{"0":29,"1":3,"2":2},"b":{},"_coverageSchema":"1a1c01bbd47fc00a2c39e90264f33305004495a9","hash":"b7ed0c3d4e65ee6a283da4bbda2d0bd267644a53"}
,"C:\\Users\\HP\\Desktop\\React\\react-mod\\src\\utils\\axiosInstance.js": {"path":"C:\\Users\\HP\\Desktop\\React\\react-mod\\src\\utils\\axiosInstance.js","statementMap":{"0":{"start":{"line":3,"column":22},"end":{"line":7,"column":2}}},"fnMap":{},"branchMap":{},"s":{"0":1},"f":{},"b":{},"_coverageSchema":"1a1c01bbd47fc00a2c39e90264f33305004495a9","hash":"689b374c3fbb03dfff372937d5af5fe1da03f009"}
}
