TN:
SF:src\app.jsx
FN:12,(anonymous_0)
FN:18,(anonymous_1)
FN:19,(anonymous_2)
FN:22,(anonymous_3)
FN:27,(anonymous_4)
FN:47,(anonymous_5)
FN:51,(anonymous_6)
FN:54,(anonymous_7)
FN:75,(anonymous_8)
FN:81,(anonymous_9)
FN:87,(anonymous_10)
FN:91,(anonymous_11)
FN:100,(anonymous_12)
FN:104,(anonymous_13)
FN:109,(anonymous_14)
FN:115,(anonymous_15)
FN:119,(anonymous_16)
FN:147,(anonymous_17)
FN:149,(anonymous_18)
FN:165,(anonymous_19)
FN:176,(anonymous_20)
FN:180,(anonymous_21)
FN:194,(anonymous_22)
FN:196,(anonymous_23)
FN:211,(anonymous_24)
FN:222,(anonymous_25)
FN:226,(anonymous_26)
FN:230,(anonymous_27)
FN:234,(anonymous_28)
FN:238,(anonymous_29)
FNF:30
FNH:24
FNDA:17,(anonymous_0)
FNDA:17,(anonymous_1)
FNDA:17,(anonymous_2)
FNDA:0,(anonymous_3)
FNDA:0,(anonymous_4)
FNDA:10,(anonymous_5)
FNDA:13,(anonymous_6)
FNDA:13,(anonymous_7)
FNDA:13,(anonymous_8)
FNDA:0,(anonymous_9)
FNDA:1,(anonymous_10)
FNDA:1,(anonymous_11)
FNDA:1,(anonymous_12)
FNDA:1,(anonymous_13)
FNDA:0,(anonymous_14)
FNDA:2,(anonymous_15)
FNDA:2,(anonymous_16)
FNDA:2,(anonymous_17)
FNDA:2,(anonymous_18)
FNDA:0,(anonymous_19)
FNDA:1,(anonymous_20)
FNDA:1,(anonymous_21)
FNDA:1,(anonymous_22)
FNDA:1,(anonymous_23)
FNDA:0,(anonymous_24)
FNDA:44,(anonymous_25)
FNDA:17,(anonymous_26)
FNDA:17,(anonymous_27)
FNDA:17,(anonymous_28)
FNDA:17,(anonymous_29)
DA:12,1
DA:16,17
DA:18,17
DA:19,17
DA:22,1
DA:27,0
DA:28,0
DA:29,0
DA:35,0
DA:39,10
DA:45,10
DA:48,10
DA:51,10
DA:52,13
DA:53,13
DA:54,13
DA:63,13
DA:64,13
DA:65,2
DA:69,13
DA:75,13
DA:81,0
DA:87,10
DA:88,1
DA:89,1
DA:90,1
DA:91,1
DA:94,1
DA:99,1
DA:100,1
DA:105,1
DA:109,0
DA:115,10
DA:116,2
DA:117,2
DA:118,2
DA:119,2
DA:126,2
DA:147,2
DA:148,2
DA:149,2
DA:151,2
DA:165,0
DA:176,10
DA:177,1
DA:178,1
DA:179,1
DA:180,1
DA:187,1
DA:194,1
DA:195,1
DA:196,1
DA:198,1
DA:211,0
DA:223,44
DA:225,44
DA:226,17
DA:229,44
DA:230,17
DA:233,44
DA:234,17
DA:237,44
DA:238,17
DA:241,44
DA:242,13
DA:245,31
DA:246,0
DA:249,31
LF:68
LH:59
BRDA:15,0,0,14
BRDA:18,1,0,14
BRDA:19,2,0,17
BRDA:19,2,1,17
BRDA:26,3,0,0
BRDA:28,4,0,0
BRDA:28,4,1,0
BRDA:28,5,0,0
BRDA:28,5,1,0
BRDA:64,6,0,2
BRDA:64,6,1,11
BRDA:241,7,0,13
BRDA:241,7,1,31
BRDA:245,8,0,0
BRDA:245,8,1,31
BRDA:258,9,0,31
BRDA:258,9,1,20
BRF:17
BRH:11
end_of_record
TN:
SF:src\style.scss
FNF:0
FNH:0
DA:1,1
LF:1
LH:1
BRF:0
BRH:0
end_of_record
TN:
SF:src\todo.scss
FNF:0
FNH:0
DA:1,1
LF:1
LH:1
BRF:0
BRH:0
end_of_record
TN:
SF:src\todoFilter.jsx
FN:5,TodoFilter
FN:14,(anonymous_1)
FN:23,(anonymous_2)
FN:32,(anonymous_3)
FNF:4
FNH:3
FNDA:23,TodoFilter
FNDA:1,(anonymous_1)
FNDA:2,(anonymous_2)
FNDA:0,(anonymous_3)
DA:6,23
DA:7,23
DA:14,1
DA:23,2
DA:32,0
DA:40,1
LF:6
LH:5
BRF:0
BRH:0
end_of_record
TN:
SF:src\todoForm.jsx
FN:5,(anonymous_0)
FNF:1
FNH:1
FNDA:25,(anonymous_0)
DA:4,1
DA:6,25
DA:7,25
DA:32,1
DA:41,1
LF:5
LH:5
BRF:0
BRH:0
end_of_record
TN:
SF:src\todoList.jsx
FN:5,TodoList
FN:15,(anonymous_1)
FN:22,(anonymous_2)
FN:25,(anonymous_3)
FNF:4
FNH:4
FNDA:20,TodoList
FNDA:26,(anonymous_1)
FNDA:2,(anonymous_2)
FNDA:1,(anonymous_3)
DA:12,20
DA:13,20
DA:16,26
DA:22,2
DA:25,1
DA:33,1
LF:6
LH:6
BRF:0
BRH:0
end_of_record
TN:
SF:src\todoListitem.jsx
FN:5,TodoListItem
FN:23,(anonymous_1)
FN:38,(anonymous_2)
FNF:3
FNH:3
FNDA:29,TodoListItem
FNDA:3,(anonymous_1)
FNDA:2,(anonymous_2)
DA:13,29
DA:23,3
DA:38,2
DA:46,2
DA:66,2
LF:5
LH:5
BRF:0
BRH:0
end_of_record
TN:
SF:src\utils\axiosInstance.js
FNF:0
FNH:0
DA:3,1
LF:1
LH:1
BRF:0
BRH:0
end_of_record
